TN:
SF:src/components/Button/index.tsx
FN:12,Button
FNF:1
FNH:0
FNDA:0,Button
DA:17,0
LF:1
LH:0
BRF:0
BRH:0
end_of_record
TN:
SF:src/components/ButtonBack/index.tsx
FN:10,ButtonBack
FNF:1
FNH:0
FNDA:0,ButtonBack
DA:12,0
LF:1
LH:0
BRF:0
BRH:0
end_of_record
TN:
SF:src/components/Load/index.tsx
FN:5,Load
FNF:1
FNH:0
FNDA:0,Load
DA:6,0
DA:8,0
LF:2
LH:0
BRF:0
BRH:0
end_of_record
TN:
SF:src/components/Product/index.tsx
FN:33,Product
FN:49,(anonymous_1)
FN:50,(anonymous_2)
FN:56,(anonymous_3)
FNF:4
FNH:0
FNDA:0,Product
FNDA:0,(anonymous_1)
FNDA:0,(anonymous_2)
FNDA:0,(anonymous_3)
DA:36,0
DA:38,0
DA:49,0
DA:50,0
DA:56,0
LF:5
LH:0
BRDA:49,0,0,0
BRDA:49,0,1,0
BRF:2
BRH:0
end_of_record
TN:
SF:src/components/ProductInCart/index.tsx
FN:30,ProductInCart
FN:46,(anonymous_1)
FN:50,(anonymous_2)
FNF:3
FNH:0
FNDA:0,ProductInCart
FNDA:0,(anonymous_1)
FNDA:0,(anonymous_2)
DA:32,0
DA:46,0
DA:50,0
LF:3
LH:0
BRF:0
BRH:0
end_of_record
TN:
SF:src/components/Search/index.tsx
FN:21,Search
FNF:1
FNH:0
FNDA:0,Search
DA:23,0
LF:1
LH:0
BRF:0
BRH:0
end_of_record
TN:
SF:src/components/TextInput/index.tsx
FN:23,Input
FNF:1
FNH:1
FNDA:13,Input
DA:34,13
LF:1
LH:1
BRDA:32,0,0,12
BRF:1
BRH:1
end_of_record
TN:
SF:src/contexts/CartContext/index.tsx
FN:25,(anonymous_0)
FN:30,handleAddProductToCart
FN:32,(anonymous_2)
FN:42,handleRemoveItemFromProductInCart
FN:44,(anonymous_4)
FN:56,handleRemoveProductFromCart
FN:58,(anonymous_6)
FN:64,clearCart
FNF:8
FNH:3
FNDA:4,(anonymous_0)
FNDA:1,handleAddProductToCart
FNDA:0,(anonymous_2)
FNDA:0,handleRemoveItemFromProductInCart
FNDA:0,(anonymous_4)
FNDA:0,handleRemoveProductFromCart
FNDA:0,(anonymous_6)
FNDA:1,clearCart
DA:23,1
DA:25,1
DA:27,4
DA:31,1
DA:32,1
DA:33,1
DA:34,0
DA:35,0
DA:37,1
DA:43,0
DA:44,0
DA:45,0
DA:46,0
DA:47,0
DA:48,0
DA:50,0
DA:51,0
DA:57,0
DA:58,0
DA:59,0
DA:60,0
DA:65,1
DA:68,4
LF:23
LH:9
BRDA:33,0,0,0
BRDA:33,0,1,1
BRDA:46,1,0,0
BRDA:46,1,1,0
BRF:4
BRH:1
end_of_record
TN:
SF:src/routes/app.routes.tsx
FN:18,AppRoutes
FNF:1
FNH:0
FNDA:0,AppRoutes
DA:16,0
DA:20,0
LF:2
LH:0
BRF:0
BRH:0
end_of_record
TN:
SF:src/screens/Home/index.tsx
FN:42,Home
FN:53,fetchProducts
FN:65,renderProducts
FN:67,(anonymous_3)
FN:67,(anonymous_4)
FN:71,handleSearch
FN:75,handleSearchClear
FN:81,handleShoppingCart
FN:85,(anonymous_8)
FN:113,(anonymous_9)
FN:130,(anonymous_10)
FNF:11
FNH:0
FNDA:0,Home
FNDA:0,fetchProducts
FNDA:0,renderProducts
FNDA:0,(anonymous_3)
FNDA:0,(anonymous_4)
FNDA:0,handleSearch
FNDA:0,handleSearchClear
FNDA:0,handleShoppingCart
FNDA:0,(anonymous_8)
FNDA:0,(anonymous_9)
FNDA:0,(anonymous_10)
DA:43,0
DA:45,0
DA:46,0
DA:47,0
DA:50,0
DA:54,0
DA:55,0
DA:56,0
DA:58,0
DA:60,0
DA:66,0
DA:67,0
DA:72,0
DA:76,0
DA:77,0
DA:82,0
DA:85,0
DA:86,0
DA:89,0
DA:113,0
DA:130,0
LF:21
LH:0
BRDA:103,0,0,0
BRDA:103,0,1,0
BRDA:124,1,0,0
BRDA:124,1,1,0
BRDA:126,2,0,0
BRDA:126,2,1,0
BRF:6
BRH:0
end_of_record
TN:
SF:src/screens/ShoppingCart/index.tsx
FN:24,ShoppingCart
FN:30,handleGoBack
FN:50,(anonymous_2)
FN:51,(anonymous_3)
FNF:4
FNH:0
FNDA:0,ShoppingCart
FNDA:0,handleGoBack
FNDA:0,(anonymous_2)
FNDA:0,(anonymous_3)
DA:27,0
DA:31,0
DA:34,0
DA:51,0
LF:4
LH:0
BRDA:49,0,0,0
BRDA:49,0,1,0
BRF:2
BRH:0
end_of_record
TN:
SF:src/screens/SignIn/index.tsx
FN:35,SignIn
FN:45,onToggleSnackBar
FN:49,renderSnackbar
FN:54,handleHome
FN:58,(anonymous_4)
FN:85,(anonymous_5)
FN:95,(anonymous_6)
FNF:7
FNH:1
FNDA:6,SignIn
FNDA:0,onToggleSnackBar
FNDA:0,renderSnackbar
FNDA:0,handleHome
FNDA:0,(anonymous_4)
FNDA:0,(anonymous_5)
FNDA:0,(anonymous_6)
DA:37,6
DA:39,6
DA:40,6
DA:41,6
DA:42,6
DA:43,6
DA:46,0
DA:50,0
DA:51,0
DA:55,0
DA:58,6
DA:59,0
DA:60,0
DA:61,0
DA:62,0
DA:63,0
DA:64,0
DA:65,0
DA:67,0
DA:71,6
DA:85,0
DA:95,0
LF:22
LH:8
BRDA:60,0,0,0
BRDA:60,0,1,0
BRDA:63,1,0,0
BRDA:63,1,1,0
BRDA:76,2,0,6
BRDA:76,2,1,0
BRDA:106,3,0,0
BRDA:106,3,1,6
BRF:8
BRH:2
end_of_record
